running egg_info
creating ../../build/path_planning/path_planning.egg-info
writing ../../build/path_planning/path_planning.egg-info/PKG-INFO
writing dependency_links to ../../build/path_planning/path_planning.egg-info/dependency_links.txt
writing entry points to ../../build/path_planning/path_planning.egg-info/entry_points.txt
writing requirements to ../../build/path_planning/path_planning.egg-info/requires.txt
writing top-level names to ../../build/path_planning/path_planning.egg-info/top_level.txt
writing manifest file '../../build/path_planning/path_planning.egg-info/SOURCES.txt'
reading manifest file '../../build/path_planning/path_planning.egg-info/SOURCES.txt'
writing manifest file '../../build/path_planning/path_planning.egg-info/SOURCES.txt'
running build
running build_py
creating /home/thedush/ros2_ws/build/path_planning/build
creating /home/thedush/ros2_ws/build/path_planning/build/lib
creating /home/thedush/ros2_ws/build/path_planning/build/lib/path_planning
copying path_planning/path_planner.py -> /home/thedush/ros2_ws/build/path_planning/build/lib/path_planning
copying path_planning/__init__.py -> /home/thedush/ros2_ws/build/path_planning/build/lib/path_planning
running install
running install_lib
creating /home/thedush/ros2_ws/install/path_planning/lib/python3.10/site-packages/path_planning
copying /home/thedush/ros2_ws/build/path_planning/build/lib/path_planning/path_planner.py -> /home/thedush/ros2_ws/install/path_planning/lib/python3.10/site-packages/path_planning
copying /home/thedush/ros2_ws/build/path_planning/build/lib/path_planning/__init__.py -> /home/thedush/ros2_ws/install/path_planning/lib/python3.10/site-packages/path_planning
byte-compiling /home/thedush/ros2_ws/install/path_planning/lib/python3.10/site-packages/path_planning/path_planner.py to path_planner.cpython-310.pyc
byte-compiling /home/thedush/ros2_ws/install/path_planning/lib/python3.10/site-packages/path_planning/__init__.py to __init__.cpython-310.pyc
running install_data
creating /home/thedush/ros2_ws/install/path_planning/share/ament_index
creating /home/thedush/ros2_ws/install/path_planning/share/ament_index/resource_index
creating /home/thedush/ros2_ws/install/path_planning/share/ament_index/resource_index/packages
copying resource/path_planning -> /home/thedush/ros2_ws/install/path_planning/share/ament_index/resource_index/packages
copying package.xml -> /home/thedush/ros2_ws/install/path_planning/share/path_planning
creating /home/thedush/ros2_ws/install/path_planning/share/path_planning/launch
copying launch/path_planner.launch -> /home/thedush/ros2_ws/install/path_planning/share/path_planning/launch
creating /home/thedush/ros2_ws/install/path_planning/share/path_planning/rviz
