[0.407s] Invoking command in '/home/thedush/ros2_ws/src/path_planning': PYTHONPATH=/home/thedush/ros2_ws/build/path_planning/prefix_override:/home/thedush/ros2_ws/install/path_planning/lib/python3.10/site-packages:${PYTHONPATH} /usr/bin/python3 -W ignore:setup.py install is deprecated setup.py egg_info --egg-base ../../build/path_planning build --build-base /home/thedush/ros2_ws/build/path_planning/build install --record /home/thedush/ros2_ws/build/path_planning/install.log --single-version-externally-managed install_data
[0.566s] running egg_info
[0.566s] writing ../../build/path_planning/path_planning.egg-info/PKG-INFO
[0.566s] writing dependency_links to ../../build/path_planning/path_planning.egg-info/dependency_links.txt
[0.567s] writing entry points to ../../build/path_planning/path_planning.egg-info/entry_points.txt
[0.567s] writing requirements to ../../build/path_planning/path_planning.egg-info/requires.txt
[0.567s] writing top-level names to ../../build/path_planning/path_planning.egg-info/top_level.txt
[0.568s] reading manifest file '../../build/path_planning/path_planning.egg-info/SOURCES.txt'
[0.569s] writing manifest file '../../build/path_planning/path_planning.egg-info/SOURCES.txt'
[0.569s] running build
[0.569s] running build_py
[0.569s] running install
[0.569s] running install_lib
[0.571s] running install_data
[0.571s] copying rviz/plan.rviz -> /home/thedush/ros2_ws/install/path_planning/share/path_planning/rviz
[0.571s] creating /home/thedush/ros2_ws/install/path_planning/share/path_planning/maps
[0.571s] copying maps/map.yaml -> /home/thedush/ros2_ws/install/path_planning/share/path_planning/maps
[0.571s] copying maps/map.pgm -> /home/thedush/ros2_ws/install/path_planning/share/path_planning/maps
[0.571s] running install_egg_info
[0.573s] Copying ../../build/path_planning/path_planning.egg-info to /home/thedush/ros2_ws/install/path_planning/lib/python3.10/site-packages/path_planning-0.0.0-py3.10.egg-info
[0.573s] running install_scripts
[0.586s] Installing path_planner script to /home/thedush/ros2_ws/install/path_planning/lib/path_planning
[0.587s] writing list of installed files to '/home/thedush/ros2_ws/build/path_planning/install.log'
[0.603s] Invoked command in '/home/thedush/ros2_ws/src/path_planning' returned '0': PYTHONPATH=/home/thedush/ros2_ws/build/path_planning/prefix_override:/home/thedush/ros2_ws/install/path_planning/lib/python3.10/site-packages:${PYTHONPATH} /usr/bin/python3 -W ignore:setup.py install is deprecated setup.py egg_info --egg-base ../../build/path_planning build --build-base /home/thedush/ros2_ws/build/path_planning/build install --record /home/thedush/ros2_ws/build/path_planning/install.log --single-version-externally-managed install_data
