[0.437s] Invoking command in '/home/thedush/ros2_ws/src/path_planning': PYTHONPATH=/home/thedush/ros2_ws/build/path_planning/prefix_override:/home/thedush/ros2_ws/install/path_planning/lib/python3.10/site-packages:${PYTHONPATH} /usr/bin/python3 -W ignore:setup.py install is deprecated setup.py egg_info --egg-base ../../build/path_planning build --build-base /home/thedush/ros2_ws/build/path_planning/build install --record /home/thedush/ros2_ws/build/path_planning/install.log --single-version-externally-managed install_data
[0.596s] running egg_info
[0.596s] writing ../../build/path_planning/path_planning.egg-info/PKG-INFO
[0.597s] writing dependency_links to ../../build/path_planning/path_planning.egg-info/dependency_links.txt
[0.597s] writing entry points to ../../build/path_planning/path_planning.egg-info/entry_points.txt
[0.597s] writing requirements to ../../build/path_planning/path_planning.egg-info/requires.txt
[0.597s] writing top-level names to ../../build/path_planning/path_planning.egg-info/top_level.txt
[0.598s] reading manifest file '../../build/path_planning/path_planning.egg-info/SOURCES.txt'
[0.599s] writing manifest file '../../build/path_planning/path_planning.egg-info/SOURCES.txt'
[0.599s] running build
[0.599s] running build_py
[0.599s] running install
[0.599s] running install_lib
[0.600s] running install_data
[0.601s] copying package.xml -> /home/thedush/ros2_ws/install/path_planning/share/path_planning
[0.601s] running install_egg_info
[0.602s] removing '/home/thedush/ros2_ws/install/path_planning/lib/python3.10/site-packages/path_planning-0.0.0-py3.10.egg-info' (and everything under it)
[0.602s] Copying ../../build/path_planning/path_planning.egg-info to /home/thedush/ros2_ws/install/path_planning/lib/python3.10/site-packages/path_planning-0.0.0-py3.10.egg-info
[0.602s] running install_scripts
[0.616s] Installing path_planner script to /home/thedush/ros2_ws/install/path_planning/lib/path_planning
[0.616s] writing list of installed files to '/home/thedush/ros2_ws/build/path_planning/install.log'
[0.637s] Invoked command in '/home/thedush/ros2_ws/src/path_planning' returned '0': PYTHONPATH=/home/thedush/ros2_ws/build/path_planning/prefix_override:/home/thedush/ros2_ws/install/path_planning/lib/python3.10/site-packages:${PYTHONPATH} /usr/bin/python3 -W ignore:setup.py install is deprecated setup.py egg_info --egg-base ../../build/path_planning build --build-base /home/thedush/ros2_ws/build/path_planning/build install --record /home/thedush/ros2_ws/build/path_planning/install.log --single-version-externally-managed install_data
