[0.409s] Invoking command in '/home/thedush/ros2_ws/src/path_planning': PYTHONPATH=/home/thedush/ros2_ws/build/path_planning/prefix_override:/home/thedush/ros2_ws/install/path_planning/lib/python3.10/site-packages:${PYTHONPATH} /usr/bin/python3 -W ignore:setup.py install is deprecated setup.py egg_info --egg-base ../../build/path_planning build --build-base /home/thedush/ros2_ws/build/path_planning/build install --record /home/thedush/ros2_ws/build/path_planning/install.log --single-version-externally-managed install_data
[0.569s] running egg_info
[0.569s] writing ../../build/path_planning/path_planning.egg-info/PKG-INFO
[0.569s] writing dependency_links to ../../build/path_planning/path_planning.egg-info/dependency_links.txt
[0.569s] writing entry points to ../../build/path_planning/path_planning.egg-info/entry_points.txt
[0.569s] writing requirements to ../../build/path_planning/path_planning.egg-info/requires.txt
[0.570s] writing top-level names to ../../build/path_planning/path_planning.egg-info/top_level.txt
[0.571s] reading manifest file '../../build/path_planning/path_planning.egg-info/SOURCES.txt'
[0.571s] writing manifest file '../../build/path_planning/path_planning.egg-info/SOURCES.txt'
[0.571s] running build
[0.572s] running build_py
[0.572s] running install
[0.572s] running install_lib
[0.573s] running install_data
[0.573s] copying launch/path_planner.launch.xml -> /home/thedush/ros2_ws/install/path_planning/share/path_planning/launch
[0.573s] running install_egg_info
[0.575s] removing '/home/thedush/ros2_ws/install/path_planning/lib/python3.10/site-packages/path_planning-0.0.0-py3.10.egg-info' (and everything under it)
[0.575s] Copying ../../build/path_planning/path_planning.egg-info to /home/thedush/ros2_ws/install/path_planning/lib/python3.10/site-packages/path_planning-0.0.0-py3.10.egg-info
[0.575s] running install_scripts
[0.589s] Installing path_planner script to /home/thedush/ros2_ws/install/path_planning/lib/path_planning
[0.589s] writing list of installed files to '/home/thedush/ros2_ws/build/path_planning/install.log'
[0.607s] Invoked command in '/home/thedush/ros2_ws/src/path_planning' returned '0': PYTHONPATH=/home/thedush/ros2_ws/build/path_planning/prefix_override:/home/thedush/ros2_ws/install/path_planning/lib/python3.10/site-packages:${PYTHONPATH} /usr/bin/python3 -W ignore:setup.py install is deprecated setup.py egg_info --egg-base ../../build/path_planning build --build-base /home/thedush/ros2_ws/build/path_planning/build install --record /home/thedush/ros2_ws/build/path_planning/install.log --single-version-externally-managed install_data
